\BOOKMARK [0][-]{chapter*.1}{\376\377\000D\000\351\000d\000i\000c\000a\000c\000e}{}% 1
\BOOKMARK [0][-]{chapter*.2}{\376\377\000R\000\351\000s\000u\000m\000\351}{}% 2
\BOOKMARK [0][-]{chapter*.4}{\376\377\000A\000b\000s\000t\000r\000a\000c\000t}{}% 3
\BOOKMARK [0][-]{chapter*.7}{\376\377\000T\000a\000b\000l\000e\000\040\000d\000e\000s\000\040\000m\000a\000t\000i\000\350\000r\000e\000s}{}% 4
\BOOKMARK [0][-]{chapter*.9}{\376\377\000L\000i\000s\000t\000e\000\040\000d\000e\000s\000\040\000f\000i\000g\000u\000r\000e\000s}{}% 5
\BOOKMARK [0][-]{section*.10}{\376\377\000L\000i\000s\000t\000e\000\040\000d\000e\000s\000\040\000t\000a\000b\000l\000e\000a\000u\000x}{}% 6
\BOOKMARK [0][-]{chapter*.12}{\376\377\000I\000n\000t\000r\000o\000d\000u\000c\000t\000i\000o\000n\000\040\000G\000\351\000n\000\351\000r\000a\000l\000e}{}% 7
\BOOKMARK [0][-]{chapter.1}{\376\377\000C\000h\000a\000p\000i\000t\000r\000e\000\040\0001\000\040\000:\000\040\000I\000n\000t\000e\000l\000l\000i\000g\000e\000n\000c\000e\000\040\000a\000r\000t\000i\000f\000i\000c\000i\000e\000l\000l\000e\000\040\000g\000\351\000n\000\351\000r\000a\000t\000i\000v\000e}{}% 8
\BOOKMARK [1][-]{section*.15}{\376\377\000I\000n\000t\000r\000o\000d\000u\000c\000t\000i\000o\000n}{chapter.1}% 9
\BOOKMARK [1][-]{section.1.1}{\376\377\000Q\000u\000e\000l\000l\000e\000s\000\040\000t\000e\000c\000h\000n\000i\000q\000u\000e\000s\000\040\000s\000o\000n\000t\000\040\000u\000t\000i\000l\000i\000s\000\351\000e\000s\000\040\000d\000a\000n\000s\000\040\000l\040\031\000I\000A\000\040\000g\000\351\000n\000\351\000r\000a\000t\000i\000v\000e\000\040\000?}{chapter.1}% 10
\BOOKMARK [1][-]{section.1.2}{\376\377\000A\000\040\000q\000u\000o\000i\000\040\000s\000e\000r\000t\000\040\000l\000'\000I\000A\000\040\000g\000\351\000n\000\351\000r\000a\000t\000i\000v\000e\000\040\000?}{chapter.1}% 11
\BOOKMARK [1][-]{section.1.3}{\376\377\000Q\000u\000e\000l\000s\000\040\000s\000o\000n\000t\000\040\000l\000e\000s\000\040\000i\000n\000c\000o\000n\000v\000\351\000n\000i\000e\000n\000t\000s\000\040\000d\000e\000\040\000l\040\031\000I\000A\000\040\000g\000\351\000n\000\351\000r\000a\000t\000i\000v\000e\000\040\000?}{chapter.1}% 12
\BOOKMARK [1][-]{section.1.4}{\376\377\000Q\000u\000e\000l\000s\000\040\000s\000o\000n\000t\000\040\000l\000e\000s\000\040\000a\000v\000a\000n\000t\000a\000g\000e\000s\000\040\000d\000e\000\040\000l\040\031\000I\000A\000\040\000g\000\351\000n\000\351\000r\000a\000t\000i\000v\000e\000\040\000?}{chapter.1}% 13
\BOOKMARK [2][-]{subsection.1.4.1}{\376\377\000S\000o\000u\000s\000\040\000s\000e\000c\000t\000i\000o\000n\000\040\0002}{section.1.4}% 14
\BOOKMARK [2][-]{subsection.1.4.2}{\376\377\000S\000o\000u\000s\000\040\000s\000e\000c\000t\000i\000o\000n\000\040\0003}{section.1.4}% 15
\BOOKMARK [1][-]{section.1.5}{\376\377\000E\000x\000e\000m\000p\000l\000e\000\040\000d\000e\000\040\000f\000i\000g\000u\000r\000e\000\040\0001}{chapter.1}% 16
\BOOKMARK [1][-]{section.1.6}{\376\377\000E\000x\000e\000m\000p\000l\000e\000\040\000d\000e\000\040\000f\000i\000g\000u\000r\000e\000\040\000a\000v\000e\000c\000\040\000u\000n\000e\000\040\000i\000m\000a\000g\000e\000\040\000l\000a\000r\000g\000e}{chapter.1}% 17
\BOOKMARK [1][-]{section.1.7}{\376\377\000E\000x\000e\000m\000p\000l\000e\000\040\000d\000e\000\040\000t\000a\000b\000l\000e\000a\000u}{chapter.1}% 18
\BOOKMARK [2][-]{subsection.1.7.1}{\376\377\000E\000x\000e\000m\000p\000l\000e\000\040\000d\000e\000\040\000t\000a\000b\000l\000e\000a\000u\000\040\0001}{section.1.7}% 19
\BOOKMARK [2][-]{subsection.1.7.2}{\376\377\000E\000x\000e\000m\000p\000l\000e\000\040\000d\000e\000\040\000t\000a\000b\000l\000e\000a\000u\000\040\0002\000\040\000s\000a\000n\000s\000\040\000b\000o\000r\000d\000u\000r\000e\000s}{section.1.7}% 20
\BOOKMARK [2][-]{subsection.1.7.3}{\376\377\000E\000x\000e\000m\000p\000l\000e\000\040\000d\000e\000\040\000t\000a\000b\000l\000e\000a\000u\000\040\0003\000\040\000a\000v\000e\000c\000\040\000d\000e\000s\000\040\000l\000i\000g\000n\000e\000s\000\040\000v\000e\000r\000t\000i\000c\000a\000l\000e\000s}{section.1.7}% 21
\BOOKMARK [2][-]{subsection.1.7.4}{\376\377\000E\000x\000e\000m\000p\000l\000e\000\040\000d\000e\000\040\000t\000a\000b\000l\000e\000a\000u\000\040\0004\000\040\000a\000v\000e\000c\000\040\000d\000e\000s\000\040\000l\000i\000g\000n\000e\000s\000\040\000h\000o\000r\000i\000z\000o\000n\000t\000a\000l\000e\000s}{section.1.7}% 22
\BOOKMARK [1][-]{section.1.8}{\376\377\000E\000x\000e\000m\000p\000l\000e\000s\000\040\000d\000e\000s\000\040\000\351\000q\000u\000a\000t\000i\000o\000n\000s\000\040\000m\000a\000t\000h\000\351\000m\000a\000t\000i\000q\000u\000e\000s}{chapter.1}% 23
\BOOKMARK [1][-]{section.1.9}{\376\377\000E\000x\000e\000m\000p\000l\000e\000\040\000d\000e\000\040\000c\000o\000d\000e\000\040\000s\000o\000u\000r\000c\000e}{chapter.1}% 24
\BOOKMARK [1][-]{section.1.10}{\376\377\000E\000x\000e\000m\000p\000l\000e\000\040\000d\000e\000\040\000c\000i\000t\000a\000t\000i\000o\000n}{chapter.1}% 25
\BOOKMARK [1][-]{section.1.11}{\376\377\000D\000i\000a\000g\000r\000a\000m\000m\000e\000\040\000d\000e\000\040\000G\000a\000n\000t\000t}{chapter.1}% 26
\BOOKMARK [1][-]{section.1.12}{\376\377\000E\000x\000e\000m\000p\000l\000e\000\040\000d\000e\000\040\000l\000i\000s\000t\000e\000\040\000\340\000\040\000p\000u\000c\000e\000s}{chapter.1}% 27
\BOOKMARK [1][-]{section.1.13}{\376\377\000E\000x\000e\000m\000p\000l\000e\000\040\000d\000e\000\040\000l\000i\000s\000t\000e\000\040\000n\000u\000m\000\351\000r\000o\000t\000\351\000e}{chapter.1}% 28
\BOOKMARK [1][-]{section*.32}{\376\377\000C\000o\000n\000c\000l\000u\000s\000i\000o\000n}{chapter.1}% 29
